************* Module FuncEventQueue
W: 44, 0: TODO - remove player or set status to inactive, (fixme)
W: 58, 0: TODO - ensure client is not already in the players list (fixme)
************* Module FuncItems
W:  3, 0: TODO """ (fixme)
W: 21, 0: TODO (fixme)
W: 35,12: Unused variable 'item' (unused-variable)
************* Module FuncPlanets
W: 29, 0: TODO (fixme)
W: 15,12: Unused variable 'planet' (unused-variable)
************* Module FuncPlayers
W: 49, 0: TODO - add client to clients[] (fixme)
W: 50, 0: TODO - map clientID to playerID (fixme)
W: 51, 0: TODO - add player to game model (fixme)
W: 52, 0: TODO - process new player (fixme)
W: 53, 0: TODO - notify all players that a new player joined (fixme)
W: 62, 0: TODO - get playerID from clientID (fixme)
W: 63, 0: TODO - remove client from [] (fixme)
W: 64, 0: TODO - remove player from game model (fixme)
W: 65, 0: TODO - process new player (fixme)
W: 66, 0: TODO - notify all players that player left (fixme)
W: 69, 0: TODO - will need to deal with player info (fixme)
W: 74, 0: TODO - remove empty array elements (fixme)
W:103, 0: TODO - might want to move some of this into another function (fixme)
W:106, 0: TODO - if name/pass matches old playerID, use that playerID (fixme)
W:123, 0: TODO - if player is respawned, use existing ship (fixme)
W:125, 0: TODO - use model for this data (fixme)
W:128, 0: TODO (fixme)
W:172, 0: TODO (fixme)
W:207, 0: TODO - namespace the different component models so we can send (fixme)
W:284, 0: TODO (fixme)
W:293, 0: TODO (fixme)
W:302, 0: TODO' } } (fixme)
W:308, 0: TODO (fixme)
C:  4, 0: Invalid constant name "pp" (invalid-name)
W: 20,12: Unused variable 'player' (unused-variable)
W:269,28: Unused argument 'client_id' (unused-argument)
R:269, 4: Method could be a function (no-self-use)
W:274,28: Unused argument 'player_id' (unused-argument)
R:274, 4: Method could be a function (no-self-use)
************* Module FuncServer
W:122, 0: TODO - merge code with send()? (fixme)
W:155, 0: TODO (fixme)
W:161, 0: TODO (fixme)
C:  9, 0: Invalid constant name "pp" (invalid-name)
W: 27,11: Catching too general exception Exception (broad-except)
W: 46,36: Unused argument 'server' (unused-argument)
W: 54,34: Unused argument 'server' (unused-argument)
W: 75,15: Catching too general exception Exception (broad-except)
W: 61,39: Unused argument 'server' (unused-argument)
W: 94,23: Unused argument 'server' (unused-argument)
W:104,15: Catching too general exception Exception (broad-except)
W:128,15: Catching too general exception Exception (broad-except)
W:152,33: Unused argument 'player_id' (unused-argument)
W:152,44: Unused argument 'model' (unused-argument)
R:152, 4: Method could be a function (no-self-use)
R:159, 4: Method could be a function (no-self-use)
************* Module FuncShips
W: 25, 0: TODO: initially set scanner (fixme)
W:220, 0: TODO - assign ship type based on player type? (fixme)
W:237, 0: TODO - maybe move to calling function (fixme)
W:260, 0: TODO (fixme)
W:297, 0: TODO (fixme)
W:318, 0: TODO (fixme)
C:  6, 0: Invalid constant name "pp" (invalid-name)
W:258,26: Unused argument 'ship_id' (unused-argument)
R:258, 4: Method could be a function (no-self-use)
R:271, 4: Method could be a function (no-self-use)
W:305, 8: Unused variable 'speed' (unused-variable)
R:289, 4: Method could be a function (no-self-use)
W:317, 8: Unused variable 'charge_delta' (unused-variable)
W:315,27: Unused argument 'elapsed' (unused-argument)
W:322,40: Unused argument 'ship' (unused-argument)
W:322,31: Unused argument 'elapsed' (unused-argument)
R:322, 4: Method could be a function (no-self-use)
W:327,41: Unused argument 'ship' (unused-argument)
W:327,32: Unused argument 'elapsed' (unused-argument)
R:327, 4: Method could be a function (no-self-use)
W:349,25: Unused argument 'ship_id' (unused-argument)
W:349,34: Unused argument 'message_dict' (unused-argument)
R:349, 4: Method could be a function (no-self-use)
W:354,41: Unused argument 'liberator_ship' (unused-argument)
W:354,57: Unused argument 'players_on_pod' (unused-argument)
W:354,35: Unused argument 'ship' (unused-argument)
R:354, 4: Method could be a function (no-self-use)
W:360,32: Unused argument 'ship' (unused-argument)
R:360, 4: Method could be a function (no-self-use)
W:365,38: Unused argument 'ship' (unused-argument)
R:365, 4: Method could be a function (no-self-use)
W:370,31: Unused argument 'ship' (unused-argument)
R:370, 4: Method could be a function (no-self-use)
W:375,31: Unused argument 'ship' (unused-argument)
R:375, 4: Method could be a function (no-self-use)
W:380,43: Unused argument 'ship' (unused-argument)
R:380, 4: Method could be a function (no-self-use)
W:385,43: Unused argument 'ship' (unused-argument)
R:385, 4: Method could be a function (no-self-use)
W:390,37: Unused argument 'ship' (unused-argument)
R:390, 4: Method could be a function (no-self-use)
W:395,26: Unused argument 'ship' (unused-argument)
R:395, 4: Method could be a function (no-self-use)
W:400,36: Unused argument 'ship' (unused-argument)
R:400, 4: Method could be a function (no-self-use)
W:405,31: Unused argument 'ship' (unused-argument)
R:405, 4: Method could be a function (no-self-use)
************* Module FuncUtil
W: 18, 0: TODO - perhaps save prevTick in this file (fixme)
R: 14, 4: Method could be a function (no-self-use)
R:  5, 0: Too few public methods (1/2) (too-few-public-methods)
************* Module __init__
W: 31, 0: TODO - might not need to pass self (fixme)
R: 51, 4: Method could be a function (no-self-use)


Report
======
420 statements analysed.

Statistics by type
------------------

+---------+-------+-----------+-----------+------------+---------+
|type     |number |old number |difference |%documented |%badname |
+=========+=======+===========+===========+============+=========+
|module   |8      |8          |=          |100.00      |0.00     |
+---------+-------+-----------+-----------+------------+---------+
|class    |8      |8          |=          |100.00      |0.00     |
+---------+-------+-----------+-----------+------------+---------+
|method   |70     |70         |=          |100.00      |0.00     |
+---------+-------+-----------+-----------+------------+---------+
|function |2      |2          |=          |100.00      |0.00     |
+---------+-------+-----------+-----------+------------+---------+



External dependencies
---------------------
::

    FuncEventQueue 
      \-EventQueue (__init__)
    FuncItems 
      \-FuncItems (__init__)
    FuncPlanets 
      \-FuncPlanets (__init__)
    FuncPlayers 
      \-FuncPlayers (__init__)
    FuncServer 
      \-FuncServer (__init__)
    FuncShips 
      \-FuncShips (__init__)
    FuncUtil 
      \-Util (__init__)
    requests (FuncServer)
    websocket_server 
      \-WebsocketServer (FuncServer)



Duplication
-----------

+-------------------------+------+---------+-----------+
|                         |now   |previous |difference |
+=========================+======+=========+===========+
|nb duplicated lines      |0     |0        |=          |
+-------------------------+------+---------+-----------+
|percent duplicated lines |0.000 |0.000    |=          |
+-------------------------+------+---------+-----------+



Messages by category
--------------------

+-----------+-------+---------+-----------+
|type       |number |previous |difference |
+===========+=======+=========+===========+
|convention |3      |3        |=          |
+-----------+-------+---------+-----------+
|refactor   |24     |24       |=          |
+-----------+-------+---------+-----------+
|warning    |77     |77       |=          |
+-----------+-------+---------+-----------+
|error      |0      |1        |-1.00      |
+-----------+-------+---------+-----------+



% errors / warnings by module
-----------------------------

+---------------+------+--------+---------+-----------+
|module         |error |warning |refactor |convention |
+===============+======+========+=========+===========+
|FuncShips      |0.00  |37.66   |70.83    |33.33      |
+---------------+------+--------+---------+-----------+
|FuncPlayers    |0.00  |33.77   |8.33     |33.33      |
+---------------+------+--------+---------+-----------+
|FuncServer     |0.00  |16.88   |8.33     |33.33      |
+---------------+------+--------+---------+-----------+
|FuncItems      |0.00  |3.90    |0.00     |0.00       |
+---------------+------+--------+---------+-----------+
|FuncPlanets    |0.00  |2.60    |0.00     |0.00       |
+---------------+------+--------+---------+-----------+
|FuncEventQueue |0.00  |2.60    |0.00     |0.00       |
+---------------+------+--------+---------+-----------+
|FuncUtil       |0.00  |1.30    |8.33     |0.00       |
+---------------+------+--------+---------+-----------+
|__init__       |0.00  |1.30    |4.17     |0.00       |
+---------------+------+--------+---------+-----------+



Messages
--------

+-----------------------+------------+
|message id             |occurrences |
+=======================+============+
|fixme                  |39          |
+-----------------------+------------+
|unused-argument        |29          |
+-----------------------+------------+
|no-self-use            |23          |
+-----------------------+------------+
|unused-variable        |5           |
+-----------------------+------------+
|broad-except           |4           |
+-----------------------+------------+
|invalid-name           |3           |
+-----------------------+------------+
|too-few-public-methods |1           |
+-----------------------+------------+



Global evaluation
-----------------
Your code has been rated at 7.52/10 (previous run: 7.40/10, +0.12)

Raw metrics
-----------

+----------+-------+------+---------+-----------+
|type      |number |%     |previous |difference |
+==========+=======+======+=========+===========+
|code      |507    |48.52 |507      |=          |
+----------+-------+------+---------+-----------+
|docstring |312    |29.86 |312      |=          |
+----------+-------+------+---------+-----------+
|comment   |82     |7.85  |82       |=          |
+----------+-------+------+---------+-----------+
|empty     |144    |13.78 |144      |=          |
+----------+-------+------+---------+-----------+



